[19-Oct-2017 22:38:13 UTC] PHP Fatal error:  Call to undefined function getDatabaseConnection() in /home/ubuntu/workspace/LAB/lecture13/labdb.php on line 48
[19-Oct-2017 22:38:13 UTC] PHP Stack trace:
[19-Oct-2017 22:38:13 UTC] PHP   1. {main}() /home/ubuntu/workspace/LAB/lecture13/labdb.php:0
[19-Oct-2017 22:38:13 UTC] PHP   2. getDeviceTypes() /home/ubuntu/workspace/LAB/lecture13/labdb.php:75
[19-Oct-2017 22:38:27 UTC] PHP Fatal error:  Call to undefined function getDatabaseConnection() in /home/ubuntu/workspace/LAB/lecture13/labdb.php on line 48
[19-Oct-2017 22:38:27 UTC] PHP Stack trace:
[19-Oct-2017 22:38:27 UTC] PHP   1. {main}() /home/ubuntu/workspace/LAB/lecture13/labdb.php:0
[19-Oct-2017 22:38:27 UTC] PHP   2. getDeviceTypes() /home/ubuntu/workspace/LAB/lecture13/labdb.php:75
[19-Oct-2017 22:40:26 UTC] PHP Fatal error:  Uncaught exception 'PDOException' with message 'SQLSTATE[HY000] [1045] Access denied for user 'bfeaad637110cb'@'localhost' (using password: YES)' in /home/ubuntu/workspace/LAB/lecture13/index.php:12
Stack trace:
#0 /home/ubuntu/workspace/LAB/lecture13/index.php(12): PDO->__construct('mysql:host=;dbn...', 'bfeaad637110cb', 'c0419d9c')
#1 {main}
  thrown in /home/ubuntu/workspace/LAB/lecture13/index.php on line 12
[19-Oct-2017 22:41:53 UTC] PHP Fatal error:  Uncaught exception 'PDOException' with message 'SQLSTATE[HY000] [1045] Access denied for user 'bfeaad637110cb'@'localhost' (using password: YES)' in /home/ubuntu/workspace/LAB/lecture13/index.php:12
Stack trace:
#0 /home/ubuntu/workspace/LAB/lecture13/index.php(12): PDO->__construct('mysql:host=;dbn...', 'bfeaad637110cb', 'c0419d9c')
#1 {main}
  thrown in /home/ubuntu/workspace/LAB/lecture13/index.php on line 12
[19-Oct-2017 22:44:45 UTC] PHP Fatal error:  Uncaught exception 'PDOException' with message 'SQLSTATE[HY000] [1045] Access denied for user 'bfeaad637110cb'@'localhost' (using password: YES)' in /home/ubuntu/workspace/LAB/lecture13/index.php:12
Stack trace:
#0 /home/ubuntu/workspace/LAB/lecture13/index.php(12): PDO->__construct('mysql:host=;dbn...', 'bfeaad637110cb', 'c0419d9c')
#1 {main}
  thrown in /home/ubuntu/workspace/LAB/lecture13/index.php on line 12
[19-Oct-2017 22:47:32 UTC] PHP Fatal error:  Uncaught exception 'PDOException' with message 'SQLSTATE[HY000] [1045] Access denied for user 'bfeaad637110cb'@'localhost' (using password: YES)' in /home/ubuntu/workspace/LAB/lecture13/index.php:12
Stack trace:
#0 /home/ubuntu/workspace/LAB/lecture13/index.php(12): PDO->__construct('mysql:host=;dbn...', 'bfeaad637110cb', 'c0419d9c')
#1 {main}
  thrown in /home/ubuntu/workspace/LAB/lecture13/index.php on line 12
[19-Oct-2017 22:47:34 UTC] PHP Fatal error:  Uncaught exception 'PDOException' with message 'SQLSTATE[HY000] [1045] Access denied for user 'bfeaad637110cb'@'localhost' (using password: YES)' in /home/ubuntu/workspace/LAB/lecture13/index.php:12
Stack trace:
#0 /home/ubuntu/workspace/LAB/lecture13/index.php(12): PDO->__construct('mysql:host=;dbn...', 'bfeaad637110cb', 'c0419d9c')
#1 {main}
  thrown in /home/ubuntu/workspace/LAB/lecture13/index.php on line 12
[19-Oct-2017 22:54:01 UTC] PHP Fatal error:  Call to undefined function getDatabaseConnection() in /home/ubuntu/workspace/LAB/lecture13/labdb.php on line 48
[19-Oct-2017 22:54:01 UTC] PHP Stack trace:
[19-Oct-2017 22:54:01 UTC] PHP   1. {main}() /home/ubuntu/workspace/LAB/lecture13/labdb.php:0
[19-Oct-2017 22:54:01 UTC] PHP   2. getDeviceTypes() /home/ubuntu/workspace/LAB/lecture13/labdb.php:75
[19-Oct-2017 22:54:08 UTC] PHP Fatal error:  Call to undefined function getDatabaseConnection() in /home/ubuntu/workspace/LAB/lecture13/labdb.php on line 48
[19-Oct-2017 22:54:08 UTC] PHP Stack trace:
[19-Oct-2017 22:54:08 UTC] PHP   1. {main}() /home/ubuntu/workspace/LAB/lecture13/labdb.php:0
[19-Oct-2017 22:54:08 UTC] PHP   2. getDeviceTypes() /home/ubuntu/workspace/LAB/lecture13/labdb.php:75
